\BOOKMARK [1][-]{section.1}{Abstract}{}% 1
\BOOKMARK [2][-]{subsection.1.1}{Intended readership and summary of objectives}{section.1}% 2
\BOOKMARK [1][-]{section.2}{Introduction}{}% 3
\BOOKMARK [2][-]{subsection.2.1}{Context and background}{section.2}% 4
\BOOKMARK [3][-]{subsubsection.2.1.1}{What is distance sampling?}{subsection.2.1}% 5
\BOOKMARK [3][-]{subsubsection.2.1.2}{The significance of 2D detection functions}{subsection.2.1}% 6
\BOOKMARK [2][-]{subsection.2.2}{Previous contributions}{section.2}% 7
\BOOKMARK [3][-]{subsubsection.2.2.1}{Object Oriented Additions}{subsection.2.2}% 8
\BOOKMARK [3][-]{subsubsection.2.2.2}{Adding in Abundance Estimation}{subsection.2.2}% 9
\BOOKMARK [3][-]{subsubsection.2.2.3}{Rounded Angles}{subsection.2.2}% 10
\BOOKMARK [3][-]{subsubsection.2.2.4}{New Perpendicular Density}{subsection.2.2}% 11
\BOOKMARK [3][-]{subsubsection.2.2.5}{Concatenation of GoF Functions}{subsection.2.2}% 12
\BOOKMARK [3][-]{subsubsection.2.2.6}{Model Collecting and Summarising}{subsection.2.2}% 13
\BOOKMARK [2][-]{subsection.2.3}{Project objectives and outline}{section.2}% 14
\BOOKMARK [1][-]{section.3}{Implementation}{}% 15
\BOOKMARK [2][-]{subsection.3.1}{Covariates; why include them, and how?}{section.3}% 16
\BOOKMARK [2][-]{subsection.3.2}{Understanding the LT2D software and its architecture}{section.3}% 17
\BOOKMARK [2][-]{subsection.3.3}{Implementation of covariates into the likelihood}{section.3}% 18
\BOOKMARK [2][-]{subsection.3.4}{Covariate inclusion into abundance estimation}{section.3}% 19
\BOOKMARK [2][-]{subsection.3.5}{Modification of goodness of fit functions}{section.3}% 20
\BOOKMARK [2][-]{subsection.3.6}{Implementation of confidence intervals}{section.3}% 21
\BOOKMARK [2][-]{subsection.3.7}{Modification of plot functions}{section.3}% 22
\BOOKMARK [1][-]{section.4}{Usage of the new software}{}% 23
\BOOKMARK [1][-]{section.5}{Simulation studies}{}% 24
\BOOKMARK [1][-]{section.6}{Going forwards}{}% 25
\BOOKMARK [2][-]{subsection.6.1}{Additional desired features}{section.6}% 26
\BOOKMARK [2][-]{subsection.6.2}{A proposed approach for mixture model incorporation}{section.6}% 27
\BOOKMARK [1][-]{section.7}{Conclusion}{}% 28
\BOOKMARK [1][-]{section*.2}{References}{}% 29
\BOOKMARK [1][-]{section.8}{Appendix}{}% 30
\BOOKMARK [2][-]{subsection.8.1}{LT2D code}{section.8}% 31
